<?xml version="1.0" encoding="UTF-8"?>
<testsuite name="com.example.il_farm_to_city.ExampleUnitTest" tests="1" skipped="0" failures="0" errors="0" timestamp="2025-02-25T10:50:39" hostname="Stefan-Racheta" time="0.01">
  <properties/>
  <testcase name="addition_isCorrect" classname="com.example.il_farm_to_city.ExampleUnitTest" time="0.01"/>
  <system-out><![CDATA[]]></system-out>
  <system-err><![CDATA[]]></system-err>
</testsuite>
